[07-Dec-2018 18:01:59 UTC] PHP Fatal error:  Uncaught exception 'PDOException' with message 'SQLSTATE[HY000] [1049] Unknown database 'finalProject'' in /home/ubuntu/workspace/finalProject/team9FinalProject/inc/dbConnection.php:20
Stack trace:
#0 /home/ubuntu/workspace/finalProject/team9FinalProject/inc/dbConnection.php(20): PDO->__construct('mysql:host=loca...', 'root', '')
#1 /home/ubuntu/workspace/finalProject/team9FinalProject/api/getProdInfo.php(4): getDatabaseConnection('finalProject')
#2 {main}
  thrown in /home/ubuntu/workspace/finalProject/team9FinalProject/inc/dbConnection.php on line 20
[07-Dec-2018 18:03:37 UTC] PHP Fatal error:  Uncaught exception 'PDOException' with message 'SQLSTATE[HY000] [1049] Unknown database 'finalProject'' in /home/ubuntu/workspace/finalProject/team9FinalProject/inc/dbConnection.php:20
Stack trace:
#0 /home/ubuntu/workspace/finalProject/team9FinalProject/inc/dbConnection.php(20): PDO->__construct('mysql:host=loca...', 'root', '')
#1 /home/ubuntu/workspace/finalProject/team9FinalProject/api/getProdInfo.php(4): getDatabaseConnection('finalProject')
#2 {main}
  thrown in /home/ubuntu/workspace/finalProject/team9FinalProject/inc/dbConnection.php on line 20
[07-Dec-2018 18:03:41 UTC] PHP Fatal error:  Uncaught exception 'PDOException' with message 'SQLSTATE[HY000] [1049] Unknown database 'finalProject'' in /home/ubuntu/workspace/finalProject/team9FinalProject/inc/dbConnection.php:20
Stack trace:
#0 /home/ubuntu/workspace/finalProject/team9FinalProject/inc/dbConnection.php(20): PDO->__construct('mysql:host=loca...', 'root', '')
#1 /home/ubuntu/workspace/finalProject/team9FinalProject/api/getProdInfo.php(4): getDatabaseConnection('finalProject')
#2 {main}
  thrown in /home/ubuntu/workspace/finalProject/team9FinalProject/inc/dbConnection.php on line 20
[07-Dec-2018 18:03:43 UTC] PHP Fatal error:  Uncaught exception 'PDOException' with message 'SQLSTATE[HY000] [1049] Unknown database 'finalProject'' in /home/ubuntu/workspace/finalProject/team9FinalProject/inc/dbConnection.php:20
Stack trace:
#0 /home/ubuntu/workspace/finalProject/team9FinalProject/inc/dbConnection.php(20): PDO->__construct('mysql:host=loca...', 'root', '')
#1 /home/ubuntu/workspace/finalProject/team9FinalProject/api/getProdInfo.php(4): getDatabaseConnection('finalProject')
#2 {main}
  thrown in /home/ubuntu/workspace/finalProject/team9FinalProject/inc/dbConnection.php on line 20
[09-Dec-2018 02:00:48 UTC] PHP Fatal error:  Uncaught exception 'PDOException' with message 'SQLSTATE[HY000]: General error' in /home/ubuntu/workspace/finalProject/team9FinalProject/api/setComment.php:15
Stack trace:
#0 /home/ubuntu/workspace/finalProject/team9FinalProject/api/setComment.php(15): PDOStatement->fetch(2)
#1 {main}
  thrown in /home/ubuntu/workspace/finalProject/team9FinalProject/api/setComment.php on line 15
[09-Dec-2018 02:01:18 UTC] PHP Fatal error:  Uncaught exception 'PDOException' with message 'SQLSTATE[HY000]: General error' in /home/ubuntu/workspace/finalProject/team9FinalProject/api/setComment.php:15
Stack trace:
#0 /home/ubuntu/workspace/finalProject/team9FinalProject/api/setComment.php(15): PDOStatement->fetch(2)
#1 {main}
  thrown in /home/ubuntu/workspace/finalProject/team9FinalProject/api/setComment.php on line 15
[09-Dec-2018 02:15:10 UTC] PHP Fatal error:  Uncaught exception 'PDOException' with message 'SQLSTATE[HY000]: General error' in /home/ubuntu/workspace/finalProject/team9FinalProject/api/setComment.php:15
Stack trace:
#0 /home/ubuntu/workspace/finalProject/team9FinalProject/api/setComment.php(15): PDOStatement->fetch(2)
#1 {main}
  thrown in /home/ubuntu/workspace/finalProject/team9FinalProject/api/setComment.php on line 15
